Arguments used in the script:
--------------------------------------------------
L: 128 (default)
data_modality: SEG (user-provided)
BATCH_SIZE: 16 (default)
lr: 0.0005 (default)
epochs: 100 (default)
model_name: saved_models/seg/128_64_8_std.pth (user-provided)
loss_func: None (default)
K: 128 (user-provided)
D: 64 (default)
downsampling_factor: 8 (default)
use_residual: False (default)
num_quantizers: 2 (default)
shared_codebook: False (default)
beta: 0.25 (default)
decay: 0.8 (default)
kwargs: None (default)
--------------------------------------------------





Training complete.





--------------------------------------------------





This model is trained on the Segmentations dataset
The model score is :  0.9485869609257754





--------------------------------------------------





codebook_investigation : 
 ONLY 35 OF CODES WERE USED FROM 128, WHICH MAKE 27.34375 % OF CODES FROM THE CODE-BOOK





