Arguments used in the script:
--------------------------------------------------
L: 128 (default)
data_modality: SEG (user-provided)
BATCH_SIZE: 16 (default)
lr: 0.0005 (default)
epochs: 100 (default)
model_name: saved_models/seg/512_64_4_std.pth (user-provided)
loss_func: None (default)
K: 512 (default)
D: 64 (default)
downsampling_factor: 4 (user-provided)
use_residual: False (default)
num_quantizers: 2 (default)
shared_codebook: False (default)
beta: 0.25 (default)
decay: 0.8 (default)
kwargs: None (default)
--------------------------------------------------





Training complete.





--------------------------------------------------





This model is trained on the Segmentations dataset
The model score is :  0.9688631401342505





--------------------------------------------------





codebook_investigation : 
 ONLY 19 OF CODES WERE USED FROM 512, WHICH MAKE 3.7109375 % OF CODES FROM THE CODE-BOOK





